[debug] [2018-02-28T14:40:52.589Z] ----------------------------------------------------------------------
[debug] [2018-02-28T14:40:52.591Z] Command:       C:\Program Files\nodejs\node.exe C:\Users\spip\AppData\Roaming\npm\node_modules\firebase-tools\bin\firebase serve
[debug] [2018-02-28T14:40:52.592Z] CLI Version:   3.17.4
[debug] [2018-02-28T14:40:52.592Z] Platform:      win32
[debug] [2018-02-28T14:40:52.592Z] Node Version:  v8.9.4
[debug] [2018-02-28T14:40:52.593Z] Time:          Wed Feb 28 2018 08:40:52 GMT-0600 (Central Standard Time)
[debug] [2018-02-28T14:40:52.593Z] ----------------------------------------------------------------------
[debug] 
[debug] [2018-02-28T14:40:52.609Z] > command requires scopes: ["email","openid","https://www.googleapis.com/auth/cloudplatformprojects.readonly","https://www.googleapis.com/auth/firebase","https://www.googleapis.com/auth/cloud-platform"]
[debug] [2018-02-28T14:40:52.609Z] > authorizing via signed-in user
[debug] [2018-02-28T14:40:52.611Z] > refreshing access token with scopes: ["email","https://www.googleapis.com/auth/cloud-platform","https://www.googleapis.com/auth/cloudplatformprojects.readonly","https://www.googleapis.com/auth/firebase","openid"]
[debug] [2018-02-28T14:40:52.611Z] >>> HTTP REQUEST POST https://www.googleapis.com/oauth2/v3/token  
 { refresh_token: '1/ePc1fZEh_KMjWfJdlPLTxsB_66f76IU-L1tmbSrnx-0',
  client_id: '563584335869-fgrhgmd47bqnekij5i8b5pr03ho849e6.apps.googleusercontent.com',
  client_secret: 'j9iVZfS8kkCEFUPaAeJV0sAi',
  grant_type: 'refresh_token',
  scope: 'email https://www.googleapis.com/auth/cloud-platform https://www.googleapis.com/auth/cloudplatformprojects.readonly https://www.googleapis.com/auth/firebase openid' } 
 Wed Feb 28 2018 08:40:52 GMT-0600 (Central Standard Time)
[debug] [2018-02-28T14:40:52.847Z] <<< HTTP RESPONSE 200
[debug] [2018-02-28T14:40:52.862Z] >>> HTTP REQUEST GET https://admin.firebase.com/v1/projects/lightningpaindiary  
  
 Wed Feb 28 2018 08:40:52 GMT-0600 (Central Standard Time)
[debug] [2018-02-28T14:40:53.177Z] <<< HTTP RESPONSE 200
[debug] [2018-02-28T14:40:53.177Z] >>> HTTP REQUEST GET https://admin.firebase.com/v1/database/lightningpaindiary/tokens  
  
 Wed Feb 28 2018 08:40:53 GMT-0600 (Central Standard Time)
[debug] [2018-02-28T14:40:53.516Z] <<< HTTP RESPONSE 200
[info] 
[info] === Serving from 'C:\Users\spip\Documents\webDevelopment\lightningpaindiary'...
[info] 
[debug] [2018-02-28T14:40:53.519Z] >>> HTTP REQUEST GET https://cloudresourcemanager.googleapis.com/v1/projects/lightningpaindiary  
  
 Wed Feb 28 2018 08:40:53 GMT-0600 (Central Standard Time)
[debug] [2018-02-28T14:40:53.830Z] <<< HTTP RESPONSE 200
[debug] [2018-02-28T14:40:53.831Z] >>> HTTP REQUEST GET https://mobilesdk-pa.googleapis.com/v1/projects/247740938057/clients/_:getWebAppConfig  
  
 Wed Feb 28 2018 08:40:53 GMT-0600 (Central Standard Time)
[debug] [2018-02-28T14:40:54.171Z] <<< HTTP RESPONSE 200
[info] i  hosting: Serving hosting files from: public
[info] +  hosting: Local server: http://localhost:5000

